0 info it worked if it ends with ok
1 verbose cli [ 'C:\\Program Files\\nodejs\\node.exe',
1 verbose cli   'C:\\Program Files\\nodejs\\node_modules\\npm\\bin\\npm-cli.js',
1 verbose cli   'run',
1 verbose cli   'sfs' ]
2 info using npm@3.10.10
3 info using node@v6.11.3
4 verbose run-script [ 'presfs', 'sfs', 'postsfs' ]
5 info lifecycle proyecto@1.0.0~presfs: proyecto@1.0.0
6 silly lifecycle proyecto@1.0.0~presfs: no script for presfs, continuing
7 info lifecycle proyecto@1.0.0~sfs: proyecto@1.0.0
8 verbose lifecycle proyecto@1.0.0~sfs: unsafe-perm in lifecycle true
9 verbose lifecycle proyecto@1.0.0~sfs: PATH: C:\Program Files\nodejs\node_modules\npm\bin\node-gyp-bin;C:\Users\Steven Neira\Desktop\StevenNeira\react\proyecto\node_modules\.bin;C:\ProgramData\Oracle\Java\javapath;C:\Windows\system32;C:\Windows;C:\Windows\System32\Wbem;C:\Windows\System32\WindowsPowerShell\v1.0\;C:\Program Files\nodejs\;C:\Program Files (x86)\Skype\Phone\;C:\Program Files\Git\cmd;C:\Program Files\PuTTY\;C:\Program Files\MiKTeX 2.9\miktex\bin\x64\;C:\Users\Steven Neira\AppData\Roaming\npm;C:\Users\Steven Neira\AppData\Local\atom\bin
10 verbose lifecycle proyecto@1.0.0~sfs: CWD: C:\Users\Steven Neira\Desktop\StevenNeira\react\proyecto
11 silly lifecycle proyecto@1.0.0~sfs: Args: [ '/d /s /c', 'serve ./built/statics --port 3001 --cache 0' ]
12 silly lifecycle proyecto@1.0.0~sfs: Returned: code: 3221225786  signal: null
13 info lifecycle proyecto@1.0.0~sfs: Failed to exec sfs script
14 verbose stack Error: proyecto@1.0.0 sfs: `serve ./built/statics --port 3001 --cache 0`
14 verbose stack Exit status 3221225786
14 verbose stack     at EventEmitter.<anonymous> (C:\Program Files\nodejs\node_modules\npm\lib\utils\lifecycle.js:255:16)
14 verbose stack     at emitTwo (events.js:106:13)
14 verbose stack     at EventEmitter.emit (events.js:191:7)
14 verbose stack     at ChildProcess.<anonymous> (C:\Program Files\nodejs\node_modules\npm\lib\utils\spawn.js:40:14)
14 verbose stack     at emitTwo (events.js:106:13)
14 verbose stack     at ChildProcess.emit (events.js:191:7)
14 verbose stack     at maybeClose (internal/child_process.js:920:16)
14 verbose stack     at Process.ChildProcess._handle.onexit (internal/child_process.js:230:5)
15 verbose pkgid proyecto@1.0.0
16 verbose cwd C:\Users\Steven Neira\Desktop\StevenNeira\react\proyecto
17 error Windows_NT 10.0.10586
18 error argv "C:\\Program Files\\nodejs\\node.exe" "C:\\Program Files\\nodejs\\node_modules\\npm\\bin\\npm-cli.js" "run" "sfs"
19 error node v6.11.3
20 error npm  v3.10.10
21 error code ELIFECYCLE
22 error proyecto@1.0.0 sfs: `serve ./built/statics --port 3001 --cache 0`
22 error Exit status 3221225786
23 error Failed at the proyecto@1.0.0 sfs script 'serve ./built/statics --port 3001 --cache 0'.
23 error Make sure you have the latest version of node.js and npm installed.
23 error If you do, this is most likely a problem with the proyecto package,
23 error not with npm itself.
23 error Tell the author that this fails on your system:
23 error     serve ./built/statics --port 3001 --cache 0
23 error You can get information on how to open an issue for this project with:
23 error     npm bugs proyecto
23 error Or if that isn't available, you can get their info via:
23 error     npm owner ls proyecto
23 error There is likely additional logging output above.
24 verbose exit [ 1, true ]
